2018-10-29 09:23:27.831 [main] INFO [org.springframework.test.context.support.AbstractTestContextBootstrapper.getDefaultTestExecutionListenerClassNames] - Loaded default TestExecutionListener class names from location [META-INF/spring.factories]: [org.springframework.test.context.web.ServletTestExecutionListener, org.springframework.test.context.support.DirtiesContextBeforeModesTestExecutionListener, org.springframework.test.context.support.DependencyInjectionTestExecutionListener, org.springframework.test.context.support.DirtiesContextTestExecutionListener, org.springframework.test.context.transaction.TransactionalTestExecutionListener, org.springframework.test.context.jdbc.SqlScriptsTestExecutionListener]
2018-10-29 09:23:27.888 [main] INFO [org.springframework.test.context.support.AbstractTestContextBootstrapper.getTestExecutionListeners] - Using TestExecutionListeners: [org.springframework.test.context.web.ServletTestExecutionListener@5b239d7d, org.springframework.test.context.support.DirtiesContextBeforeModesTestExecutionListener@6572421, org.springframework.test.context.support.DependencyInjectionTestExecutionListener@6b81ce95, org.springframework.test.context.support.DirtiesContextTestExecutionListener@2a798d51, org.springframework.test.context.transaction.TransactionalTestExecutionListener@6d763516, org.springframework.test.context.jdbc.SqlScriptsTestExecutionListener@52bf72b5]
2018-10-29 09:23:28.055 [main] INFO [org.springframework.beans.factory.xml.XmlBeanDefinitionReader.loadBeanDefinitions] - Loading XML bean definitions from class path resource [spring/spring-service.xml]
2018-10-29 09:23:28.553 [main] INFO [org.springframework.context.support.AbstractApplicationContext.prepareRefresh] - Refreshing org.springframework.context.support.GenericApplicationContext@7b98f307: startup date [Mon Oct 29 09:23:28 CST 2018]; root of context hierarchy
2018-10-29 09:23:28.826 [main] WARN [org.springframework.context.support.AbstractApplicationContext.refresh] - Exception encountered during context initialization - cancelling refresh attempt: org.springframework.beans.factory.UnsatisfiedDependencyException: Error creating bean with name 'heroServiceImpl': Unsatisfied dependency expressed through field 'heroDao'; nested exception is org.springframework.beans.factory.NoSuchBeanDefinitionException: No qualifying bean of type 'com.ztom.dao.HeroDao' available: expected at least 1 bean which qualifies as autowire candidate. Dependency annotations: {@org.springframework.beans.factory.annotation.Autowired(required=true)}
2018-10-29 09:23:28.830 [main] ERROR [org.springframework.test.context.TestContextManager.prepareTestInstance] - Caught exception while allowing TestExecutionListener [org.springframework.test.context.support.DependencyInjectionTestExecutionListener@6b81ce95] to prepare test instance [test.ServiceTest@17d919b6]
java.lang.IllegalStateException: Failed to load ApplicationContext
	at org.springframework.test.context.cache.DefaultCacheAwareContextLoaderDelegate.loadContext(DefaultCacheAwareContextLoaderDelegate.java:125) ~[spring-test-5.0.2.RELEASE.jar:5.0.2.RELEASE]
	at org.springframework.test.context.support.DefaultTestContext.getApplicationContext(DefaultTestContext.java:107) ~[spring-test-5.0.2.RELEASE.jar:5.0.2.RELEASE]
	at org.springframework.test.context.support.DependencyInjectionTestExecutionListener.injectDependencies(DependencyInjectionTestExecutionListener.java:117) ~[spring-test-5.0.2.RELEASE.jar:5.0.2.RELEASE]
	at org.springframework.test.context.support.DependencyInjectionTestExecutionListener.prepareTestInstance(DependencyInjectionTestExecutionListener.java:83) ~[spring-test-5.0.2.RELEASE.jar:5.0.2.RELEASE]
	at org.springframework.test.context.TestContextManager.prepareTestInstance(TestContextManager.java:242) [spring-test-5.0.2.RELEASE.jar:5.0.2.RELEASE]
	at org.springframework.test.context.junit4.SpringJUnit4ClassRunner.createTest(SpringJUnit4ClassRunner.java:227) [spring-test-5.0.2.RELEASE.jar:5.0.2.RELEASE]
	at org.springframework.test.context.junit4.SpringJUnit4ClassRunner$1.runReflectiveCall(SpringJUnit4ClassRunner.java:289) [spring-test-5.0.2.RELEASE.jar:5.0.2.RELEASE]
	at org.junit.internal.runners.model.ReflectiveCallable.run(ReflectiveCallable.java:12) [junit-4.12.jar:4.12]
	at org.springframework.test.context.junit4.SpringJUnit4ClassRunner.methodBlock(SpringJUnit4ClassRunner.java:291) [spring-test-5.0.2.RELEASE.jar:5.0.2.RELEASE]
	at org.springframework.test.context.junit4.SpringJUnit4ClassRunner.runChild(SpringJUnit4ClassRunner.java:246) [spring-test-5.0.2.RELEASE.jar:5.0.2.RELEASE]
	at org.springframework.test.context.junit4.SpringJUnit4ClassRunner.runChild(SpringJUnit4ClassRunner.java:97) [spring-test-5.0.2.RELEASE.jar:5.0.2.RELEASE]
	at org.junit.runners.ParentRunner$3.run(ParentRunner.java:290) [junit-4.12.jar:4.12]
	at org.junit.runners.ParentRunner$1.schedule(ParentRunner.java:71) [junit-4.12.jar:4.12]
	at org.junit.runners.ParentRunner.runChildren(ParentRunner.java:288) [junit-4.12.jar:4.12]
	at org.junit.runners.ParentRunner.access$000(ParentRunner.java:58) [junit-4.12.jar:4.12]
	at org.junit.runners.ParentRunner$2.evaluate(ParentRunner.java:268) [junit-4.12.jar:4.12]
	at org.springframework.test.context.junit4.statements.RunBeforeTestClassCallbacks.evaluate(RunBeforeTestClassCallbacks.java:61) [spring-test-5.0.2.RELEASE.jar:5.0.2.RELEASE]
	at org.springframework.test.context.junit4.statements.RunAfterTestClassCallbacks.evaluate(RunAfterTestClassCallbacks.java:70) [spring-test-5.0.2.RELEASE.jar:5.0.2.RELEASE]
	at org.junit.runners.ParentRunner.run(ParentRunner.java:363) [junit-4.12.jar:4.12]
	at org.springframework.test.context.junit4.SpringJUnit4ClassRunner.run(SpringJUnit4ClassRunner.java:190) [spring-test-5.0.2.RELEASE.jar:5.0.2.RELEASE]
	at org.junit.runner.JUnitCore.run(JUnitCore.java:137) [junit-4.12.jar:4.12]
	at com.intellij.junit4.JUnit4IdeaTestRunner.startRunnerWithArgs(JUnit4IdeaTestRunner.java:68) [junit-rt.jar:?]
	at com.intellij.rt.execution.junit.IdeaTestRunner$Repeater.startRunnerWithArgs(IdeaTestRunner.java:47) [junit-rt.jar:?]
	at com.intellij.rt.execution.junit.JUnitStarter.prepareStreamsAndStart(JUnitStarter.java:242) [junit-rt.jar:?]
	at com.intellij.rt.execution.junit.JUnitStarter.main(JUnitStarter.java:70) [junit-rt.jar:?]
Caused by: org.springframework.beans.factory.UnsatisfiedDependencyException: Error creating bean with name 'heroServiceImpl': Unsatisfied dependency expressed through field 'heroDao'; nested exception is org.springframework.beans.factory.NoSuchBeanDefinitionException: No qualifying bean of type 'com.ztom.dao.HeroDao' available: expected at least 1 bean which qualifies as autowire candidate. Dependency annotations: {@org.springframework.beans.factory.annotation.Autowired(required=true)}
	at org.springframework.beans.factory.annotation.AutowiredAnnotationBeanPostProcessor$AutowiredFieldElement.inject(AutowiredAnnotationBeanPostProcessor.java:586) ~[spring-beans-5.0.2.RELEASE.jar:5.0.2.RELEASE]
	at org.springframework.beans.factory.annotation.InjectionMetadata.inject(InjectionMetadata.java:91) ~[spring-beans-5.0.2.RELEASE.jar:5.0.2.RELEASE]
	at org.springframework.beans.factory.annotation.AutowiredAnnotationBeanPostProcessor.postProcessPropertyValues(AutowiredAnnotationBeanPostProcessor.java:372) ~[spring-beans-5.0.2.RELEASE.jar:5.0.2.RELEASE]
	at org.springframework.beans.factory.support.AbstractAutowireCapableBeanFactory.populateBean(AbstractAutowireCapableBeanFactory.java:1344) ~[spring-beans-5.0.2.RELEASE.jar:5.0.2.RELEASE]
	at org.springframework.beans.factory.support.AbstractAutowireCapableBeanFactory.doCreateBean(AbstractAutowireCapableBeanFactory.java:582) ~[spring-beans-5.0.2.RELEASE.jar:5.0.2.RELEASE]
	at org.springframework.beans.factory.support.AbstractAutowireCapableBeanFactory.createBean(AbstractAutowireCapableBeanFactory.java:502) ~[spring-beans-5.0.2.RELEASE.jar:5.0.2.RELEASE]
	at org.springframework.beans.factory.support.AbstractBeanFactory.lambda$doGetBean$0(AbstractBeanFactory.java:312) ~[spring-beans-5.0.2.RELEASE.jar:5.0.2.RELEASE]
	at org.springframework.beans.factory.support.DefaultSingletonBeanRegistry.getSingleton(DefaultSingletonBeanRegistry.java:228) ~[spring-beans-5.0.2.RELEASE.jar:5.0.2.RELEASE]
	at org.springframework.beans.factory.support.AbstractBeanFactory.doGetBean(AbstractBeanFactory.java:310) ~[spring-beans-5.0.2.RELEASE.jar:5.0.2.RELEASE]
	at org.springframework.beans.factory.support.AbstractBeanFactory.getBean(AbstractBeanFactory.java:200) ~[spring-beans-5.0.2.RELEASE.jar:5.0.2.RELEASE]
	at org.springframework.beans.factory.support.DefaultListableBeanFactory.preInstantiateSingletons(DefaultListableBeanFactory.java:758) ~[spring-beans-5.0.2.RELEASE.jar:5.0.2.RELEASE]
	at org.springframework.context.support.AbstractApplicationContext.finishBeanFactoryInitialization(AbstractApplicationContext.java:868) ~[spring-context-5.0.2.RELEASE.jar:5.0.2.RELEASE]
	at org.springframework.context.support.AbstractApplicationContext.refresh(AbstractApplicationContext.java:549) ~[spring-context-5.0.2.RELEASE.jar:5.0.2.RELEASE]
	at org.springframework.test.context.support.AbstractGenericContextLoader.loadContext(AbstractGenericContextLoader.java:128) ~[spring-test-5.0.2.RELEASE.jar:5.0.2.RELEASE]
	at org.springframework.test.context.support.AbstractGenericContextLoader.loadContext(AbstractGenericContextLoader.java:60) ~[spring-test-5.0.2.RELEASE.jar:5.0.2.RELEASE]
	at org.springframework.test.context.support.AbstractDelegatingSmartContextLoader.delegateLoading(AbstractDelegatingSmartContextLoader.java:109) ~[spring-test-5.0.2.RELEASE.jar:5.0.2.RELEASE]
	at org.springframework.test.context.support.AbstractDelegatingSmartContextLoader.loadContext(AbstractDelegatingSmartContextLoader.java:246) ~[spring-test-5.0.2.RELEASE.jar:5.0.2.RELEASE]
	at org.springframework.test.context.cache.DefaultCacheAwareContextLoaderDelegate.loadContextInternal(DefaultCacheAwareContextLoaderDelegate.java:99) ~[spring-test-5.0.2.RELEASE.jar:5.0.2.RELEASE]
	at org.springframework.test.context.cache.DefaultCacheAwareContextLoaderDelegate.loadContext(DefaultCacheAwareContextLoaderDelegate.java:117) ~[spring-test-5.0.2.RELEASE.jar:5.0.2.RELEASE]
	... 24 more
Caused by: org.springframework.beans.factory.NoSuchBeanDefinitionException: No qualifying bean of type 'com.ztom.dao.HeroDao' available: expected at least 1 bean which qualifies as autowire candidate. Dependency annotations: {@org.springframework.beans.factory.annotation.Autowired(required=true)}
	at org.springframework.beans.factory.support.DefaultListableBeanFactory.raiseNoMatchingBeanFound(DefaultListableBeanFactory.java:1504) ~[spring-beans-5.0.2.RELEASE.jar:5.0.2.RELEASE]
	at org.springframework.beans.factory.support.DefaultListableBeanFactory.doResolveDependency(DefaultListableBeanFactory.java:1101) ~[spring-beans-5.0.2.RELEASE.jar:5.0.2.RELEASE]
	at org.springframework.beans.factory.support.DefaultListableBeanFactory.resolveDependency(DefaultListableBeanFactory.java:1062) ~[spring-beans-5.0.2.RELEASE.jar:5.0.2.RELEASE]
	at org.springframework.beans.factory.annotation.AutowiredAnnotationBeanPostProcessor$AutowiredFieldElement.inject(AutowiredAnnotationBeanPostProcessor.java:583) ~[spring-beans-5.0.2.RELEASE.jar:5.0.2.RELEASE]
	at org.springframework.beans.factory.annotation.InjectionMetadata.inject(InjectionMetadata.java:91) ~[spring-beans-5.0.2.RELEASE.jar:5.0.2.RELEASE]
	at org.springframework.beans.factory.annotation.AutowiredAnnotationBeanPostProcessor.postProcessPropertyValues(AutowiredAnnotationBeanPostProcessor.java:372) ~[spring-beans-5.0.2.RELEASE.jar:5.0.2.RELEASE]
	at org.springframework.beans.factory.support.AbstractAutowireCapableBeanFactory.populateBean(AbstractAutowireCapableBeanFactory.java:1344) ~[spring-beans-5.0.2.RELEASE.jar:5.0.2.RELEASE]
	at org.springframework.beans.factory.support.AbstractAutowireCapableBeanFactory.doCreateBean(AbstractAutowireCapableBeanFactory.java:582) ~[spring-beans-5.0.2.RELEASE.jar:5.0.2.RELEASE]
	at org.springframework.beans.factory.support.AbstractAutowireCapableBeanFactory.createBean(AbstractAutowireCapableBeanFactory.java:502) ~[spring-beans-5.0.2.RELEASE.jar:5.0.2.RELEASE]
	at org.springframework.beans.factory.support.AbstractBeanFactory.lambda$doGetBean$0(AbstractBeanFactory.java:312) ~[spring-beans-5.0.2.RELEASE.jar:5.0.2.RELEASE]
	at org.springframework.beans.factory.support.DefaultSingletonBeanRegistry.getSingleton(DefaultSingletonBeanRegistry.java:228) ~[spring-beans-5.0.2.RELEASE.jar:5.0.2.RELEASE]
	at org.springframework.beans.factory.support.AbstractBeanFactory.doGetBean(AbstractBeanFactory.java:310) ~[spring-beans-5.0.2.RELEASE.jar:5.0.2.RELEASE]
	at org.springframework.beans.factory.support.AbstractBeanFactory.getBean(AbstractBeanFactory.java:200) ~[spring-beans-5.0.2.RELEASE.jar:5.0.2.RELEASE]
	at org.springframework.beans.factory.support.DefaultListableBeanFactory.preInstantiateSingletons(DefaultListableBeanFactory.java:758) ~[spring-beans-5.0.2.RELEASE.jar:5.0.2.RELEASE]
	at org.springframework.context.support.AbstractApplicationContext.finishBeanFactoryInitialization(AbstractApplicationContext.java:868) ~[spring-context-5.0.2.RELEASE.jar:5.0.2.RELEASE]
	at org.springframework.context.support.AbstractApplicationContext.refresh(AbstractApplicationContext.java:549) ~[spring-context-5.0.2.RELEASE.jar:5.0.2.RELEASE]
	at org.springframework.test.context.support.AbstractGenericContextLoader.loadContext(AbstractGenericContextLoader.java:128) ~[spring-test-5.0.2.RELEASE.jar:5.0.2.RELEASE]
	at org.springframework.test.context.support.AbstractGenericContextLoader.loadContext(AbstractGenericContextLoader.java:60) ~[spring-test-5.0.2.RELEASE.jar:5.0.2.RELEASE]
	at org.springframework.test.context.support.AbstractDelegatingSmartContextLoader.delegateLoading(AbstractDelegatingSmartContextLoader.java:109) ~[spring-test-5.0.2.RELEASE.jar:5.0.2.RELEASE]
	at org.springframework.test.context.support.AbstractDelegatingSmartContextLoader.loadContext(AbstractDelegatingSmartContextLoader.java:246) ~[spring-test-5.0.2.RELEASE.jar:5.0.2.RELEASE]
	at org.springframework.test.context.cache.DefaultCacheAwareContextLoaderDelegate.loadContextInternal(DefaultCacheAwareContextLoaderDelegate.java:99) ~[spring-test-5.0.2.RELEASE.jar:5.0.2.RELEASE]
	at org.springframework.test.context.cache.DefaultCacheAwareContextLoaderDelegate.loadContext(DefaultCacheAwareContextLoaderDelegate.java:117) ~[spring-test-5.0.2.RELEASE.jar:5.0.2.RELEASE]
	... 24 more
2018-10-29 09:25:33.251 [main] INFO [org.springframework.test.context.support.AbstractTestContextBootstrapper.getDefaultTestExecutionListenerClassNames] - Loaded default TestExecutionListener class names from location [META-INF/spring.factories]: [org.springframework.test.context.web.ServletTestExecutionListener, org.springframework.test.context.support.DirtiesContextBeforeModesTestExecutionListener, org.springframework.test.context.support.DependencyInjectionTestExecutionListener, org.springframework.test.context.support.DirtiesContextTestExecutionListener, org.springframework.test.context.transaction.TransactionalTestExecutionListener, org.springframework.test.context.jdbc.SqlScriptsTestExecutionListener]
2018-10-29 09:25:33.338 [main] INFO [org.springframework.test.context.support.AbstractTestContextBootstrapper.getTestExecutionListeners] - Using TestExecutionListeners: [org.springframework.test.context.web.ServletTestExecutionListener@5b239d7d, org.springframework.test.context.support.DirtiesContextBeforeModesTestExecutionListener@6572421, org.springframework.test.context.support.DependencyInjectionTestExecutionListener@6b81ce95, org.springframework.test.context.support.DirtiesContextTestExecutionListener@2a798d51, org.springframework.test.context.transaction.TransactionalTestExecutionListener@6d763516, org.springframework.test.context.jdbc.SqlScriptsTestExecutionListener@52bf72b5]
2018-10-29 09:25:33.553 [main] INFO [org.springframework.beans.factory.xml.XmlBeanDefinitionReader.loadBeanDefinitions] - Loading XML bean definitions from file [/Users/ztom/IdeaProjects/ssm_project/maven_parent/maven_service/target/classes/spring/spring-service.xml]
2018-10-29 09:25:34.018 [main] INFO [org.springframework.beans.factory.xml.XmlBeanDefinitionReader.loadBeanDefinitions] - Loading XML bean definitions from file [/Users/ztom/IdeaProjects/ssm_project/maven_parent/maven_dao/target/classes/spring/spring-dao.xml]
2018-10-29 09:25:34.086 [main] INFO [org.springframework.context.support.AbstractApplicationContext.prepareRefresh] - Refreshing org.springframework.context.support.GenericApplicationContext@7b98f307: startup date [Mon Oct 29 09:25:34 CST 2018]; root of context hierarchy
2018-10-29 09:25:34.504 [main] INFO [org.springframework.jdbc.datasource.DriverManagerDataSource.setDriverClassName] - Loaded JDBC driver: com.mysql.jdbc.Driver
2018-10-29 09:25:35.321 [main] DEBUG [org.springframework.jdbc.datasource.DataSourceUtils.doGetConnection] - Fetching JDBC Connection from DataSource
2018-10-29 09:25:35.321 [main] DEBUG [org.springframework.jdbc.datasource.DriverManagerDataSource.getConnectionFromDriver] - Creating new JDBC DriverManager Connection to [jdbc:mysql://localhost:3306/ssm]
2018-10-29 09:25:35.714 [main] DEBUG [org.springframework.jdbc.datasource.DataSourceUtils.doGetConnection] - Registering transaction synchronization for JDBC Connection
2018-10-29 09:25:35.745 [main] DEBUG [org.springframework.jdbc.datasource.DataSourceUtils.doReleaseConnection] - Returning JDBC Connection to DataSource
2018-10-29 09:25:35.756 [Thread-1] INFO [org.springframework.context.support.AbstractApplicationContext.doClose] - Closing org.springframework.context.support.GenericApplicationContext@7b98f307: startup date [Mon Oct 29 09:25:34 CST 2018]; root of context hierarchy
2018-10-29 09:48:42.847 [main] INFO [org.springframework.test.context.support.AbstractTestContextBootstrapper.getDefaultTestExecutionListenerClassNames] - Loaded default TestExecutionListener class names from location [META-INF/spring.factories]: [org.springframework.test.context.web.ServletTestExecutionListener, org.springframework.test.context.support.DirtiesContextBeforeModesTestExecutionListener, org.springframework.test.context.support.DependencyInjectionTestExecutionListener, org.springframework.test.context.support.DirtiesContextTestExecutionListener, org.springframework.test.context.transaction.TransactionalTestExecutionListener, org.springframework.test.context.jdbc.SqlScriptsTestExecutionListener]
2018-10-29 09:48:42.884 [main] INFO [org.springframework.test.context.support.AbstractTestContextBootstrapper.getTestExecutionListeners] - Using TestExecutionListeners: [org.springframework.test.context.web.ServletTestExecutionListener@6f1de4c7, org.springframework.test.context.support.DirtiesContextBeforeModesTestExecutionListener@459e9125, org.springframework.test.context.support.DependencyInjectionTestExecutionListener@128d2484, org.springframework.test.context.support.DirtiesContextTestExecutionListener@7cc0cdad, org.springframework.test.context.transaction.TransactionalTestExecutionListener@7c7b252e, org.springframework.test.context.jdbc.SqlScriptsTestExecutionListener@4d5d943d]
2018-10-29 09:48:42.964 [main] INFO [org.springframework.beans.factory.xml.XmlBeanDefinitionReader.loadBeanDefinitions] - Loading XML bean definitions from file [/Users/ztom/IdeaProjects/ssm_project/maven_parent/maven_service/target/classes/spring/spring-service.xml]
2018-10-29 09:48:43.220 [main] INFO [org.springframework.beans.factory.xml.XmlBeanDefinitionReader.loadBeanDefinitions] - Loading XML bean definitions from URL [jar:file:/Users/ztom/IdeaProjects/ssm_project/maven_parent/maven_dao/target/maven_dao-1.0-SNAPSHOT.jar!/spring/spring-dao.xml]
2018-10-29 09:48:43.302 [main] INFO [org.springframework.context.support.AbstractApplicationContext.prepareRefresh] - Refreshing org.springframework.context.support.GenericApplicationContext@dd05255: startup date [Mon Oct 29 09:48:43 CST 2018]; root of context hierarchy
2018-10-29 09:48:43.662 [main] INFO [org.springframework.jdbc.datasource.DriverManagerDataSource.setDriverClassName] - Loaded JDBC driver: com.mysql.jdbc.Driver
2018-10-29 09:48:44.222 [main] DEBUG [org.springframework.jdbc.datasource.DataSourceUtils.doGetConnection] - Fetching JDBC Connection from DataSource
2018-10-29 09:48:44.223 [main] DEBUG [org.springframework.jdbc.datasource.DriverManagerDataSource.getConnectionFromDriver] - Creating new JDBC DriverManager Connection to [jdbc:mysql://localhost:3306/ssm]
2018-10-29 09:48:44.581 [main] DEBUG [org.springframework.jdbc.datasource.DataSourceUtils.doGetConnection] - Registering transaction synchronization for JDBC Connection
2018-10-29 09:48:44.611 [main] DEBUG [org.springframework.jdbc.datasource.DataSourceUtils.doReleaseConnection] - Returning JDBC Connection to DataSource
2018-10-29 09:48:44.623 [Thread-1] INFO [org.springframework.context.support.AbstractApplicationContext.doClose] - Closing org.springframework.context.support.GenericApplicationContext@dd05255: startup date [Mon Oct 29 09:48:43 CST 2018]; root of context hierarchy
2018-10-29 09:50:18.936 [main] INFO [org.springframework.test.context.support.AbstractTestContextBootstrapper.getDefaultTestExecutionListenerClassNames] - Loaded default TestExecutionListener class names from location [META-INF/spring.factories]: [org.springframework.test.context.web.ServletTestExecutionListener, org.springframework.test.context.support.DirtiesContextBeforeModesTestExecutionListener, org.springframework.test.context.support.DependencyInjectionTestExecutionListener, org.springframework.test.context.support.DirtiesContextTestExecutionListener, org.springframework.test.context.transaction.TransactionalTestExecutionListener, org.springframework.test.context.jdbc.SqlScriptsTestExecutionListener]
2018-10-29 09:50:18.965 [main] INFO [org.springframework.test.context.support.AbstractTestContextBootstrapper.getTestExecutionListeners] - Using TestExecutionListeners: [org.springframework.test.context.web.ServletTestExecutionListener@6f1de4c7, org.springframework.test.context.support.DirtiesContextBeforeModesTestExecutionListener@459e9125, org.springframework.test.context.support.DependencyInjectionTestExecutionListener@128d2484, org.springframework.test.context.support.DirtiesContextTestExecutionListener@7cc0cdad, org.springframework.test.context.transaction.TransactionalTestExecutionListener@7c7b252e, org.springframework.test.context.jdbc.SqlScriptsTestExecutionListener@4d5d943d]
2018-10-29 09:50:19.061 [main] INFO [org.springframework.beans.factory.xml.XmlBeanDefinitionReader.loadBeanDefinitions] - Loading XML bean definitions from file [/Users/ztom/IdeaProjects/ssm_project/maven_parent/maven_service/target/classes/spring/spring-service.xml]
2018-10-29 09:50:19.285 [main] INFO [org.springframework.beans.factory.xml.XmlBeanDefinitionReader.loadBeanDefinitions] - Loading XML bean definitions from URL [jar:file:/Users/ztom/IdeaProjects/ssm_project/maven_parent/maven_dao/target/maven_dao-1.0-SNAPSHOT.jar!/spring/spring-dao.xml]
2018-10-29 09:50:19.332 [main] INFO [org.springframework.context.support.AbstractApplicationContext.prepareRefresh] - Refreshing org.springframework.context.support.GenericApplicationContext@dd05255: startup date [Mon Oct 29 09:50:19 CST 2018]; root of context hierarchy
2018-10-29 09:50:19.660 [main] INFO [org.springframework.jdbc.datasource.DriverManagerDataSource.setDriverClassName] - Loaded JDBC driver: com.mysql.jdbc.Driver
2018-10-29 09:50:20.141 [main] DEBUG [org.springframework.jdbc.datasource.DataSourceUtils.doGetConnection] - Fetching JDBC Connection from DataSource
2018-10-29 09:50:20.142 [main] DEBUG [org.springframework.jdbc.datasource.DriverManagerDataSource.getConnectionFromDriver] - Creating new JDBC DriverManager Connection to [jdbc:mysql://localhost:3306/ssm]
2018-10-29 09:50:20.438 [main] DEBUG [org.springframework.jdbc.datasource.DataSourceUtils.doGetConnection] - Registering transaction synchronization for JDBC Connection
2018-10-29 09:50:20.457 [main] DEBUG [org.springframework.jdbc.datasource.DataSourceUtils.doReleaseConnection] - Returning JDBC Connection to DataSource
2018-10-29 09:50:20.467 [Thread-1] INFO [org.springframework.context.support.AbstractApplicationContext.doClose] - Closing org.springframework.context.support.GenericApplicationContext@dd05255: startup date [Mon Oct 29 09:50:19 CST 2018]; root of context hierarchy
